
> frontend@1.0.0 dev
> vite --host 0.0.0.0


  VITE v7.3.1  ready in 141 ms

  ➜  Local:   http://localhost:3002/
  ➜  Network: http://192.168.1.90:3002/
10:30:53 PM [vite] (client) hmr update /src/App.jsx
10:31:20 PM [vite] (client) hmr update /src/App.jsx
10:47:07 PM [vite] (client) hmr update /src/App.jsx
11:41:25 AM [vite] (client) hmr update /src/App.jsx
11:41:40 AM [vite] (client) hmr update /src/App.css
12:59:12 PM [vite] (client) hmr update /src/App.jsx
1:07:53 PM [vite] (client) hmr update /src/App.jsx
1:08:00 PM [vite] (client) hmr update /src/App.jsx
1:16:52 PM [vite] (client) hmr update /src/App.jsx
1:41:50 PM [vite] (client) hmr update /src/App.jsx
1:50:45 PM [vite] (client) hmr update /src/App.jsx
1:50:50 PM [vite] (client) hmr update /src/App.jsx
1:50:54 PM [vite] (client) hmr update /src/App.jsx
1:51:10 PM [vite] (client) hmr update /src/App.jsx
1:51:16 PM [vite] (client) hmr update /src/App.jsx
1:51:21 PM [vite] (client) hmr update /src/App.jsx
1:51:26 PM [vite] (client) hmr update /src/App.jsx
1:51:31 PM [vite] (client) hmr update /src/App.jsx
1:51:39 PM [vite] (client) hmr update /src/App.jsx
1:51:45 PM [vite] (client) hmr update /src/App.jsx
1:51:52 PM [vite] (client) hmr update /src/App.jsx
2:00:30 PM [vite] (client) hmr update /src/App.jsx
2:11:30 PM [vite] (client) hmr update /src/App.jsx
2:14:06 PM [vite] (client) hmr update /src/App.jsx
